::1 - [2024-08-20T03:37:05.123Z] PUT /api/users/premium/66bcc0ef20f6274cd3048f71
::1 - [2024-08-20T03:37:09.178Z] PUT /api/users/premium/66bcc0ef20f6274cd3048f71
::1 - [2024-08-20T03:37:12.041Z] GET /users
::1 - [2024-08-20T03:37:15.409Z] PUT /api/users/premium/66bcc0ef20f6274cd3048f71
::1 - [2024-08-20T03:37:18.722Z] GET /users
::1 - [2024-08-20T03:41:55.282Z] POST /api/sessions/login
[2024-08-20T03:41:55.284Z] Success: El usuario 'adminCoder@coder.com' se logueó exitosamente.
::1 - [2024-08-20T03:41:55.589Z] GET /products
::1 - [2024-08-20T03:41:58.379Z] GET /users
::1 - [2024-08-20T03:42:01.017Z] PUT /api/users/premium/66bcc0ef20f6274cd3048f71
::1 - [2024-08-20T03:49:37.576Z] POST /api/sessions/login
[2024-08-20T03:49:37.579Z] Success: El usuario 'adminCoder@coder.com' se logueó exitosamente.
::1 - [2024-08-20T03:49:37.901Z] GET /products
::1 - [2024-08-20T03:49:40.559Z] GET /users
::1 - [2024-08-20T03:49:42.805Z] PUT /api/users/premium/66bcc0ef20f6274cd3048f71
::1 - [2024-08-20T03:49:52.797Z] PUT /api/users/premium/66bcc0ef20f6274cd3048f71
::1 - [2024-08-20T03:49:56.721Z] PUT /api/users/premium/66bcc0ef20f6274cd3048f71
::1 - [2024-08-20T03:49:59.888Z] GET /users
::1 - [2024-08-20T03:50:23.325Z] GET /users
::1 - [2024-08-20T03:50:28.361Z] PUT /api/users/premium/66bcc0ef20f6274cd3048f71
::1 - [2024-08-20T03:51:00.529Z] GET /users
::1 - [2024-08-20T03:51:04.184Z] PUT /api/users/premium/66bcc0ef20f6274cd3048f71
::1 - [2024-08-20T03:51:07.405Z] GET /users
::1 - [2024-08-20T03:52:15.840Z] POST /api/sessions/login
[2024-08-20T03:52:15.843Z] Success: El usuario 'adminCoder@coder.com' se logueó exitosamente.
::1 - [2024-08-20T03:52:16.158Z] GET /products
::1 - [2024-08-20T03:52:18.504Z] GET /users
::1 - [2024-08-20T03:52:22.516Z] PUT /api/users/premium/66bcc0ef20f6274cd3048f71
::1 - [2024-08-20T03:52:30.239Z] PUT /api/users/premium/66bcc0ef20f6274cd3048f71
::1 - [2024-08-20T03:52:33.135Z] PUT /api/users/premium/66bcc0ef20f6274cd3048f71
::1 - [2024-08-20T03:54:16.491Z] PUT /api/users/premium/66bcc0ef20f6274cd3048f71
::1 - [2024-08-20T03:54:25.511Z] PUT /api/users/premium/66bcc0ef20f6274cd3048f71
::1 - [2024-08-20T03:54:30.795Z] PUT /api/users/premium/66bcc0ef20f6274cd3048f71
::1 - [2024-08-20T03:56:18.090Z] GET /users
::1 - [2024-08-20T03:56:21.375Z] POST /api/sessions/login
[2024-08-20T03:56:21.377Z] Success: El usuario 'adminCoder@coder.com' se logueó exitosamente.
::1 - [2024-08-20T03:56:21.696Z] GET /products
::1 - [2024-08-20T03:56:24.519Z] GET /users
::1 - [2024-08-20T03:56:29.704Z] PUT /api/users/premium/66bcc0ef20f6274cd3048f71
::1 - [2024-08-20T03:57:16.375Z] PUT /api/users/premium/66bcc0ef20f6274cd3048f71
::1 - [2024-08-20T03:57:24.988Z] PUT /api/users/premium/66bcc0ef20f6274cd3048f71
::1 - [2024-08-20T03:57:34.464Z] GET /users
::1 - [2024-08-20T03:57:40.990Z] PUT /api/users/premium/66bcc0ef20f6274cd3048f71
::1 - [2024-08-20T03:57:45.016Z] GET /users
::1 - [2024-08-20T03:57:48.188Z] PUT /api/users/premium/66bcc0be20f6274cd3048f62
::1 - [2024-08-20T03:57:52.099Z] PUT /api/users/premium/66c3498ad65ee8ca6e1778d6
::1 - [2024-08-20T03:57:56.264Z] GET /users
::1 - [2024-08-20T03:57:59.882Z] PUT /api/users/premium/66bcc0be20f6274cd3048f62
::1 - [2024-08-20T03:58:02.805Z] PUT /api/users/premium/66c3498ad65ee8ca6e1778d6
::1 - [2024-08-20T03:58:07.539Z] PUT /api/users/premium/66bcc0ef20f6274cd3048f71
::1 - [2024-08-20T04:00:18.030Z] POST /api/sessions/login
[2024-08-20T04:00:18.031Z] Success: El usuario 'adminCoder@coder.com' se logueó exitosamente.
::1 - [2024-08-20T04:00:18.654Z] GET /products
::1 - [2024-08-20T04:00:20.641Z] GET /users
::1 - [2024-08-20T04:00:22.935Z] PUT /api/users/premium/66bcc0ef20f6274cd3048f71
::1 - [2024-08-20T04:00:29.452Z] GET /users
::1 - [2024-08-20T04:00:31.358Z] PUT /api/users/premium/66bcc0ef20f6274cd3048f71
::1 - [2024-08-20T04:00:34.432Z] GET /users
::1 - [2024-08-20T04:01:01.868Z] GET /users
::1 - [2024-08-20T04:01:03.817Z] PUT /api/users/premium/66bcc0ef20f6274cd3048f71
::1 - [2024-08-20T04:01:04.975Z] GET /users
::1 - [2024-08-20T04:01:42.876Z] GET /users
::1 - [2024-08-20T04:01:50.396Z] PUT /api/users/premium/66bcc0ef20f6274cd3048f71
::1 - [2024-08-20T04:01:52.238Z] PUT /api/users/premium/66bcc0ef20f6274cd3048f71
::1 - [2024-08-20T04:01:54.390Z] GET /users
::1 - [2024-08-20T04:01:56.012Z] PUT /api/users/premium/66bcc0ef20f6274cd3048f71
::1 - [2024-08-20T04:01:56.780Z] GET /users
::1 - [2024-08-20T04:01:58.028Z] PUT /api/users/premium/66bcc0ef20f6274cd3048f71
::1 - [2024-08-20T04:01:58.827Z] GET /users
::1 - [2024-08-20T04:02:00.210Z] PUT /api/users/premium/66bcc0ef20f6274cd3048f71
::1 - [2024-08-20T04:02:01.250Z] GET /users
::1 - [2024-08-20T04:02:25.062Z] GET /users
::1 - [2024-08-20T04:02:27.522Z] GET /users
::1 - [2024-08-20T04:02:28.981Z] GET /users
::1 - [2024-08-20T04:02:30.675Z] PUT /api/users/premium/66bcc0ef20f6274cd3048f71
::1 - [2024-08-20T04:02:32.059Z] GET /users
::1 - [2024-08-20T04:02:50.433Z] POST /api/sessions/login
[2024-08-20T04:02:50.437Z] Success: El usuario 'adminCoder@coder.com' se logueó exitosamente.
::1 - [2024-08-20T04:02:50.753Z] GET /products
::1 - [2024-08-20T04:02:53.401Z] GET /users
::1 - [2024-08-20T04:02:58.555Z] PUT /api/users/premium/66bcc0ef20f6274cd3048f71
::1 - [2024-08-20T04:04:27.118Z] POST /api/sessions/login
[2024-08-20T04:04:27.120Z] Success: El usuario 'adminCoder@coder.com' se logueó exitosamente.
::1 - [2024-08-20T04:04:27.446Z] GET /products
::1 - [2024-08-20T04:04:29.507Z] GET /users
::1 - [2024-08-20T04:04:34.818Z] PUT /api/users/premium/66bcc0ef20f6274cd3048f71
::1 - [2024-08-20T04:04:39.005Z] GET /users
::1 - [2024-08-20T04:04:41.648Z] PUT /api/users/premium/66bcc0ef20f6274cd3048f71
::1 - [2024-08-20T04:05:14.825Z] POST /api/sessions/login
[2024-08-20T04:05:14.825Z] Success: El usuario 'adminCoder@coder.com' se logueó exitosamente.
::1 - [2024-08-20T04:05:14.883Z] GET /products
::1 - [2024-08-20T04:05:17.079Z] GET /users
::1 - [2024-08-20T04:19:13.825Z] POST /api/sessions/login
[2024-08-20T04:19:13.828Z] Success: El usuario 'adminCoder@coder.com' se logueó exitosamente.
::1 - [2024-08-20T04:19:14.146Z] GET /products
::1 - [2024-08-20T04:19:17.240Z] GET /users
::1 - [2024-08-20T04:19:19.445Z] PUT /api/users/premium/66bcc0ef20f6274cd3048f71
[2024-08-20T04:19:19.604Z] Success: El usuario '66bcc0ef20f6274cd3048f71' cambió su rol.
::1 - [2024-08-20T04:19:19.661Z] GET /showAlertChangeUserRol
::1 - [2024-08-20T04:19:27.908Z] GET /users
::1 - [2024-08-20T04:19:29.110Z] PUT /api/users/premium/66bcc0ef20f6274cd3048f71
[2024-08-20T04:19:29.258Z] Success: El usuario '66bcc0ef20f6274cd3048f71' cambió su rol.
::1 - [2024-08-20T04:19:29.308Z] GET /showAlertChangeUserRol
::1 - [2024-08-20T04:20:58.040Z] GET /users
::1 - [2024-08-20T04:21:01.443Z] POST /api/sessions/login
[2024-08-20T04:21:01.444Z] Success: El usuario 'adminCoder@coder.com' se logueó exitosamente.
::1 - [2024-08-20T04:21:02.067Z] GET /products
::1 - [2024-08-20T04:21:04.077Z] GET /users
::1 - [2024-08-20T04:21:08.506Z] PUT /api/users/premium/66bcc0ef20f6274cd3048f71
[2024-08-20T04:21:08.672Z] Success: El usuario '66bcc0ef20f6274cd3048f71' cambió su rol.
::1 - [2024-08-20T04:21:08.730Z] GET /alertChangeUserRol
::1 - [2024-08-20T04:23:57.135Z] GET /showAlertChangeUserRol
::1 - [2024-08-20T04:24:26.236Z] GET /alertChangeUserRol
::1 - [2024-08-20T04:24:32.627Z] POST /api/sessions/login
[2024-08-20T04:24:32.628Z] Success: El usuario 'adminCoder@coder.com' se logueó exitosamente.
::1 - [2024-08-20T04:24:32.677Z] GET /products
::1 - [2024-08-20T04:24:34.764Z] GET /users
::1 - [2024-08-20T04:24:36.781Z] PUT /api/users/premium/66bcc0ef20f6274cd3048f71
[2024-08-20T04:24:36.928Z] Success: El usuario '66bcc0ef20f6274cd3048f71' cambió su rol.
::1 - [2024-08-20T04:24:36.985Z] GET /alertChangeUserRol
::1 - [2024-08-20T04:24:39.060Z] PUT /api/users/premium/66bcc0ef20f6274cd3048f71
[2024-08-20T04:24:39.209Z] Success: El usuario '66bcc0ef20f6274cd3048f71' cambió su rol.
::1 - [2024-08-20T04:24:39.264Z] GET /alertChangeUserRol
::1 - [2024-08-20T04:24:45.180Z] GET /alertChangeUserRol
::1 - [2024-08-20T04:24:49.175Z] GET /alertChangeUserRol
::1 - [2024-08-20T04:24:50.449Z] GET /alertChangeUserRol
::1 - [2024-08-20T04:24:51.542Z] GET /alertChangeUserRol
::1 - [2024-08-20T04:24:52.302Z] GET /alertChangeUserRol
::1 - [2024-08-20T04:24:53.012Z] GET /alertChangeUserRol
::1 - [2024-08-20T04:24:53.765Z] GET /alertChangeUserRol
::1 - [2024-08-20T04:25:14.023Z] GET /alertChangeUserRol
::1 - [2024-08-20T04:25:15.037Z] GET /alertChangeUserRol
::1 - [2024-08-20T04:25:15.829Z] GET /alertChangeUserRol
::1 - [2024-08-20T04:25:16.921Z] GET /alertChangeUserRol
::1 - [2024-08-20T04:26:16.313Z] GET /alertChangeUserRol
::1 - [2024-08-20T04:26:19.794Z] GET /alertChangeUserRol
::1 - [2024-08-20T04:26:20.771Z] GET /alertChangeUserRol
::1 - [2024-08-20T04:26:21.690Z] GET /alertChangeUserRol
::1 - [2024-08-20T04:26:24.430Z] GET /alertChangeUserRol
::1 - [2024-08-20T04:26:43.467Z] GET /alertChangeUserRol
::1 - [2024-08-20T04:26:45.012Z] GET /alertChangeUserRol
::1 - [2024-08-20T04:26:48.070Z] GET /alertChangeUserRol
::1 - [2024-08-20T04:26:53.917Z] GET /alertChangeUserRol
::1 - [2024-08-20T04:28:09.465Z] GET /alertChangeUserRol
::1 - [2024-08-20T04:28:12.250Z] GET /users
::1 - [2024-08-20T04:28:27.904Z] POST /api/sessions/login
[2024-08-20T04:28:27.905Z] Success: El usuario 'adminCoder@coder.com' se logueó exitosamente.
::1 - [2024-08-20T04:28:27.952Z] GET /products
::1 - [2024-08-20T04:28:32.065Z] POST /api/sessions/login
[2024-08-20T04:28:32.066Z] Success: El usuario 'adminCoder@coder.com' se logueó exitosamente.
::1 - [2024-08-20T04:28:32.113Z] GET /products
::1 - [2024-08-20T04:28:40.180Z] GET /api/sessions/logout
[2024-08-20T04:28:40.277Z] Success: El usuario 'adminCoder@coder.com' se deslogueó exitosamente.
::1 - [2024-08-20T04:28:40.327Z] GET /
::1 - [2024-08-20T04:28:42.573Z] GET /login
::1 - [2024-08-20T04:29:09.558Z] POST /api/sessions/login
[2024-08-20T04:29:09.558Z] Success: El usuario 'adminCoder@coder.com' se logueó exitosamente.
::1 - [2024-08-20T04:29:09.606Z] GET /products
::1 - [2024-08-20T04:29:14.163Z] GET /users
::1 - [2024-08-20T04:29:16.689Z] PUT /api/users/premium/66bcc0ef20f6274cd3048f71
[2024-08-20T04:29:16.839Z] Success: El usuario '66bcc0ef20f6274cd3048f71' cambió su rol.
::1 - [2024-08-20T04:29:16.888Z] GET /alertChangeUserRol
::1 - [2024-08-20T04:30:37.548Z] PUT /api/users/premium/66bcc0ef20f6274cd3048f71
[2024-08-20T04:30:37.719Z] Success: El usuario '66bcc0ef20f6274cd3048f71' cambió su rol.
::1 - [2024-08-20T04:30:38.045Z] GET /alertChangeUserRol
::1 - [2024-08-20T04:32:04.766Z] GET /users
::1 - [2024-08-20T04:32:07.646Z] POST /api/sessions/login
[2024-08-20T04:32:07.647Z] Success: El usuario 'adminCoder@coder.com' se logueó exitosamente.
::1 - [2024-08-20T04:32:07.968Z] GET /products
::1 - [2024-08-20T04:32:10.455Z] GET /users
::1 - [2024-08-20T04:32:12.618Z] PUT /api/users/premium/66bcc0ef20f6274cd3048f71
[2024-08-20T04:32:12.784Z] Success: El usuario '66bcc0ef20f6274cd3048f71' cambió su rol.
::1 - [2024-08-20T04:32:12.842Z] GET /api/users
[2024-08-20T04:32:12.890Z] Success: [object Object],[object Object],[object Object]
::1 - [2024-08-20T04:32:21.821Z] PUT /api/users/premium/66bcc0ef20f6274cd3048f71
[2024-08-20T04:32:21.972Z] Success: El usuario '66bcc0ef20f6274cd3048f71' cambió su rol.
::1 - [2024-08-20T04:32:22.033Z] GET /api/users
[2024-08-20T04:32:22.085Z] Success: [object Object],[object Object],[object Object]
::1 - [2024-08-20T04:32:29.599Z] PUT /api/users/premium/66bcc0ef20f6274cd3048f71
[2024-08-20T04:32:29.740Z] Success: El usuario '66bcc0ef20f6274cd3048f71' cambió su rol.
::1 - [2024-08-20T04:32:29.789Z] GET /api/users
[2024-08-20T04:32:29.838Z] Success: [object Object],[object Object],[object Object]
::1 - [2024-08-20T04:32:52.568Z] GET /users
::1 - [2024-08-20T04:33:07.526Z] PUT /api/users/premium/66bcc0be20f6274cd3048f62
::1 - [2024-08-20T04:33:21.346Z] PUT /api/users/premium/66bcc0ef20f6274cd3048f71
[2024-08-20T04:33:21.492Z] Success: El usuario '66bcc0ef20f6274cd3048f71' cambió su rol.
::1 - [2024-08-20T04:33:21.547Z] GET /api/users
[2024-08-20T04:33:21.595Z] Success: [object Object],[object Object],[object Object]
::1 - [2024-08-20T04:34:48.755Z] PUT /api/users/premium/66bcc0ef20f6274cd3048f71
[2024-08-20T04:34:48.916Z] Success: El usuario '66bcc0ef20f6274cd3048f71' cambió su rol.
::1 - [2024-08-20T04:34:49.247Z] GET /api/users
::1 - [2024-08-20T04:34:55.497Z] GET /users
::1 - [2024-08-20T04:34:58.519Z] POST /api/sessions/login
[2024-08-20T04:34:58.520Z] Success: El usuario 'adminCoder@coder.com' se logueó exitosamente.
::1 - [2024-08-20T04:34:58.572Z] GET /products
::1 - [2024-08-20T04:35:00.534Z] GET /users
::1 - [2024-08-20T04:35:02.561Z] PUT /api/users/premium/66bcc0ef20f6274cd3048f71
[2024-08-20T04:35:02.704Z] Success: El usuario '66bcc0ef20f6274cd3048f71' cambió su rol.
::1 - [2024-08-20T04:35:02.751Z] GET /users/
::1 - [2024-08-20T04:35:07.796Z] PUT /api/users/premium/66bcc0ef20f6274cd3048f71
[2024-08-20T04:35:07.948Z] Success: El usuario '66bcc0ef20f6274cd3048f71' cambió su rol.
::1 - [2024-08-20T04:35:08.007Z] GET /users/
::1 - [2024-08-20T04:35:10.160Z] PUT /api/users/premium/66bcc0ef20f6274cd3048f71
[2024-08-20T04:35:10.310Z] Success: El usuario '66bcc0ef20f6274cd3048f71' cambió su rol.
::1 - [2024-08-20T04:35:10.367Z] GET /users/
::1 - [2024-08-20T04:35:10.452Z] GET /users
::1 - [2024-08-20T04:35:12.086Z] PUT /api/users/premium/66bcc0ef20f6274cd3048f71
[2024-08-20T04:35:12.232Z] Success: El usuario '66bcc0ef20f6274cd3048f71' cambió su rol.
::1 - [2024-08-20T04:35:12.286Z] GET /users/
::1 - [2024-08-20T04:35:12.792Z] GET /users
::1 - [2024-08-20T04:35:16.289Z] PUT /api/users/premium/66bcc0ef20f6274cd3048f71
[2024-08-20T04:35:16.429Z] Success: El usuario '66bcc0ef20f6274cd3048f71' cambió su rol.
::1 - [2024-08-20T04:35:16.475Z] GET /users/
::1 - [2024-08-20T04:36:26.913Z] GET /users
::1 - [2024-08-20T04:36:29.518Z] POST /api/sessions/login
[2024-08-20T04:36:29.519Z] Success: El usuario 'adminCoder@coder.com' se logueó exitosamente.
::1 - [2024-08-20T04:36:29.817Z] GET /products
::1 - [2024-08-20T04:36:31.962Z] GET /users
::1 - [2024-08-20T04:36:36.567Z] PUT /api/users/premium/66bcc0ef20f6274cd3048f71
[2024-08-20T04:36:36.728Z] Success: El usuario '66bcc0ef20f6274cd3048f71' cambió su rol.
::1 - [2024-08-20T04:36:36.785Z] GET /users/
::1 - [2024-08-20T04:36:40.088Z] PUT /api/users/premium/66bcc0ef20f6274cd3048f71
[2024-08-20T04:36:40.233Z] Success: El usuario '66bcc0ef20f6274cd3048f71' cambió su rol.
::1 - [2024-08-20T04:36:40.287Z] GET /users/
::1 - [2024-08-20T04:36:43.357Z] PUT /api/users/premium/66bcc0ef20f6274cd3048f71
[2024-08-20T04:36:43.503Z] Success: El usuario '66bcc0ef20f6274cd3048f71' cambió su rol.
::1 - [2024-08-20T04:36:43.559Z] GET /users/
::1 - [2024-08-20T04:37:43.094Z] GET /users
[2024-08-20T04:37:43.166Z] Server error: ReferenceError: product is not defined
::1 - [2024-08-20T04:37:56.045Z] POST /api/sessions/login
[2024-08-20T04:37:56.046Z] Success: El usuario 'adminCoder@coder.com' se logueó exitosamente.
::1 - [2024-08-20T04:37:56.365Z] GET /products
::1 - [2024-08-20T04:37:58.510Z] GET /users
[2024-08-20T04:37:58.558Z] Server error: ReferenceError: product is not defined
::1 - [2024-08-20T04:38:55.008Z] POST /api/sessions/login
[2024-08-20T04:38:55.011Z] Success: El usuario 'adminCoder@coder.com' se logueó exitosamente.
::1 - [2024-08-20T04:38:55.343Z] GET /products
::1 - [2024-08-20T04:38:57.524Z] GET /users
[2024-08-20T04:38:57.576Z] Server error: ReferenceError: product is not defined
::ffff:127.0.0.1 - [2024-08-20T04:39:34.016Z] GET /products
::1 - [2024-08-20T04:39:36.769Z] GET /users
::1 - [2024-08-20T04:39:39.200Z] PUT /api/users/premium/66bcc0ef20f6274cd3048f71
[2024-08-20T04:39:39.363Z] Success: El usuario '66bcc0ef20f6274cd3048f71' cambió su rol.
::ffff:127.0.0.1 - [2024-08-20T04:39:39.677Z] GET /users/
::ffff:127.0.0.1 - [2024-08-20T04:39:44.088Z] PUT /api/users/premium/66bcc0ef20f6274cd3048f71
[2024-08-20T04:39:44.230Z] Success: El usuario '66bcc0ef20f6274cd3048f71' cambió su rol.
::1 - [2024-08-20T04:39:44.290Z] GET /users/
::1 - [2024-08-20T04:39:47.161Z] PUT /api/users/premium/66bcc0ef20f6274cd3048f71
[2024-08-20T04:39:47.307Z] Success: El usuario '66bcc0ef20f6274cd3048f71' cambió su rol.
::ffff:127.0.0.1 - [2024-08-20T04:39:47.364Z] GET /users/
::ffff:127.0.0.1 - [2024-08-20T04:39:47.676Z] GET /users
::ffff:127.0.0.1 - [2024-08-20T04:39:48.912Z] PUT /api/users/premium/66bcc0ef20f6274cd3048f71
[2024-08-20T04:39:49.057Z] Success: El usuario '66bcc0ef20f6274cd3048f71' cambió su rol.
::1 - [2024-08-20T04:39:49.116Z] GET /users/
::1 - [2024-08-20T04:39:53.466Z] PUT /api/users/premium/66bcc0ef20f6274cd3048f71
[2024-08-20T04:39:53.609Z] Success: El usuario '66bcc0ef20f6274cd3048f71' cambió su rol.
::ffff:127.0.0.1 - [2024-08-20T04:39:53.664Z] GET /users/
::1 - [2024-08-20T04:40:24.062Z] GET /users
::1 - [2024-08-20T04:40:27.103Z] PUT /api/users/premium/66bcc0ef20f6274cd3048f71
[2024-08-20T04:40:27.260Z] Success: El usuario '66bcc0ef20f6274cd3048f71' cambió su rol.
::1 - [2024-08-20T04:40:27.570Z] GET /users/
::1 - [2024-08-20T04:40:30.734Z] GET /users
::1 - [2024-08-20T04:40:34.707Z] PUT /api/users/premium/66bcc0ef20f6274cd3048f71
[2024-08-20T04:40:34.852Z] Success: El usuario '66bcc0ef20f6274cd3048f71' cambió su rol.
::1 - [2024-08-20T04:40:34.900Z] GET /users/
::1 - [2024-08-20T04:40:37.617Z] GET /users
::1 - [2024-08-20T04:46:24.545Z] POST /api/sessions/login
[2024-08-20T04:46:24.548Z] Success: El usuario 'adminCoder@coder.com' se logueó exitosamente.
::1 - [2024-08-20T04:46:24.920Z] GET /products
::1 - [2024-08-20T04:46:27.735Z] GET /users
::1 - [2024-08-20T04:46:30.997Z] PUT /api/users/premium/66bcc0ef20f6274cd3048f71
[2024-08-20T04:46:31.146Z] Success: El usuario '66bcc0ef20f6274cd3048f71' cambió su rol.
::1 - [2024-08-20T04:46:31.193Z] GET /users2/
::1 - [2024-08-20T04:46:31.241Z] GET /users
::1 - [2024-08-20T04:46:38.157Z] PUT /api/users/premium/66bcc0ef20f6274cd3048f71
[2024-08-20T04:46:38.302Z] Success: El usuario '66bcc0ef20f6274cd3048f71' cambió su rol.
::1 - [2024-08-20T04:46:38.359Z] GET /users2/
::1 - [2024-08-20T04:46:38.414Z] GET /users
::1 - [2024-08-20T04:46:41.693Z] GET /users
::1 - [2024-08-20T04:46:44.433Z] PUT /api/users/premium/66bcc0ef20f6274cd3048f71
[2024-08-20T04:46:44.577Z] Success: El usuario '66bcc0ef20f6274cd3048f71' cambió su rol.
::1 - [2024-08-20T04:46:44.635Z] GET /users2/
::1 - [2024-08-20T04:46:44.693Z] GET /users
::1 - [2024-08-20T04:46:46.780Z] PUT /api/users/premium/66bcc0be20f6274cd3048f62
::1 - [2024-08-20T04:46:48.996Z] PUT /api/users/premium/66bcc0ef20f6274cd3048f71
[2024-08-20T04:46:49.144Z] Success: El usuario '66bcc0ef20f6274cd3048f71' cambió su rol.
::1 - [2024-08-20T04:46:49.201Z] GET /users2/
::1 - [2024-08-20T04:46:49.257Z] GET /users
::1 - [2024-08-20T04:46:50.897Z] PUT /api/users/premium/66c3498ad65ee8ca6e1778d6
::1 - [2024-08-20T04:46:52.073Z] PUT /api/users/premium/66bcc0ef20f6274cd3048f71
[2024-08-20T04:46:52.219Z] Success: El usuario '66bcc0ef20f6274cd3048f71' cambió su rol.
::1 - [2024-08-20T04:46:52.274Z] GET /users2/
::1 - [2024-08-20T04:46:52.330Z] GET /users
::1 - [2024-08-20T04:46:52.780Z] GET /users
::ffff:127.0.0.1 - [2024-08-20T04:47:34.840Z] POST /api/sessions/login
[2024-08-20T04:47:34.841Z] Success: El usuario 'adminCoder@coder.com' se logueó exitosamente.
::ffff:127.0.0.1 - [2024-08-20T04:47:35.154Z] GET /products
::1 - [2024-08-20T04:47:37.452Z] GET /users
::1 - [2024-08-20T04:47:43.561Z] PUT /api/users/premium/66bcc0ef20f6274cd3048f71
[2024-08-20T04:47:43.719Z] Success: El usuario '66bcc0ef20f6274cd3048f71' cambió su rol.
::1 - [2024-08-20T04:47:43.779Z] GET /users2/
::1 - [2024-08-20T04:47:43.831Z] GET /users
::1 - [2024-08-20T04:48:26.537Z] PUT /api/users/premium/66bcc0ef20f6274cd3048f71
[2024-08-20T04:48:26.691Z] Success: El usuario '66bcc0ef20f6274cd3048f71' cambió su rol.
::1 - [2024-08-20T04:48:26.751Z] GET /users2/
::1 - [2024-08-20T04:48:26.811Z] GET /users
::1 - [2024-08-20T04:48:28.755Z] GET /users
::1 - [2024-08-20T04:48:32.350Z] PUT /api/users/premium/66bcc0ef20f6274cd3048f71
[2024-08-20T04:48:32.487Z] Success: El usuario '66bcc0ef20f6274cd3048f71' cambió su rol.
::1 - [2024-08-20T04:48:32.535Z] GET /users2/
::1 - [2024-08-20T04:48:32.582Z] GET /users
::1 - [2024-08-20T04:48:34.809Z] GET /users
::1 - [2024-08-20T04:48:40.019Z] PUT /api/users/premium/66bcc0ef20f6274cd3048f71
[2024-08-20T04:48:40.161Z] Success: El usuario '66bcc0ef20f6274cd3048f71' cambió su rol.
::1 - [2024-08-20T04:48:40.213Z] GET /users2/
::1 - [2024-08-20T04:48:40.269Z] GET /users
::1 - [2024-08-20T04:48:41.889Z] GET /users
::1 - [2024-08-20T04:50:42.850Z] POST /api/sessions/login
[2024-08-20T04:50:42.852Z] Success: El usuario 'adminCoder@coder.com' se logueó exitosamente.
::1 - [2024-08-20T04:50:43.169Z] GET /products
::1 - [2024-08-20T04:50:47.224Z] GET /users
::1 - [2024-08-20T04:50:51.073Z] PUT /api/users/premium/66bcc0ef20f6274cd3048f71
::1 - [2024-08-20T04:50:51.263Z] PUT /users
::1 - [2024-08-20T04:50:56.107Z] GET /users
::1 - [2024-08-20T04:50:59.437Z] PUT /api/users/premium/66bcc0ef20f6274cd3048f71
::1 - [2024-08-20T04:50:59.621Z] PUT /users
::1 - [2024-08-20T04:51:01.342Z] GET /users
::1 - [2024-08-20T04:51:16.115Z] PUT /api/users/premium/66bcc0ef20f6274cd3048f71
::1 - [2024-08-20T04:51:16.323Z] PUT /users
::1 - [2024-08-20T04:51:59.811Z] PUT /api/users/premium/66bcc0ef20f6274cd3048f71
::1 - [2024-08-20T04:52:00.020Z] PUT /users
::1 - [2024-08-20T04:53:12.622Z] PUT /api/users/premium/66bcc0ef20f6274cd3048f71
::1 - [2024-08-20T04:53:12.828Z] PUT /users
::1 - [2024-08-20T04:53:21.203Z] GET /users
::1 - [2024-08-20T04:53:25.539Z] POST /api/sessions/login
[2024-08-20T04:53:25.540Z] Success: El usuario 'adminCoder@coder.com' se logueó exitosamente.
::1 - [2024-08-20T04:53:25.587Z] GET /products
::1 - [2024-08-20T04:53:27.655Z] GET /users
::1 - [2024-08-20T04:53:35.873Z] PUT /api/users/premium/66bcc0ef20f6274cd3048f71
::1 - [2024-08-20T04:53:36.062Z] PUT /users
::1 - [2024-08-20T04:53:43.266Z] PUT /api/users/premium/66bcc0ef20f6274cd3048f71
::1 - [2024-08-20T04:53:43.459Z] PUT /users
::1 - [2024-08-20T04:53:47.995Z] PUT /api/users/premium/66bcc0ef20f6274cd3048f71
::1 - [2024-08-20T04:53:48.189Z] PUT /users
::1 - [2024-08-20T04:53:49.284Z] PUT /api/users/premium/66bcc0ef20f6274cd3048f71
::1 - [2024-08-20T04:53:49.468Z] PUT /users
::1 - [2024-08-20T04:53:49.736Z] PUT /api/users/premium/66bcc0ef20f6274cd3048f71
::1 - [2024-08-20T04:53:49.933Z] PUT /users
::1 - [2024-08-20T04:53:50.111Z] PUT /api/users/premium/66bcc0ef20f6274cd3048f71
::1 - [2024-08-20T04:53:50.309Z] PUT /users
::1 - [2024-08-20T04:53:50.459Z] PUT /api/users/premium/66bcc0ef20f6274cd3048f71
::1 - [2024-08-20T04:53:50.647Z] PUT /users
