[2024-07-26T02:32:43.795Z] Server error: MissingDocuments: The user needs to complete his documentation
[2024-07-26T02:33:41.196Z] Server error: MissingDocuments: The user needs to complete his documentation
[2024-08-12T11:14:26.833Z] Server error: TypeError: Cannot read properties of null (reading '_id')
[2024-08-12T11:18:18.915Z] Server error: TypeError: Cannot read properties of null (reading '_id')
[2024-08-12T11:19:01.229Z] Server error: TypeError: Cannot read properties of null (reading '_id')
[2024-08-12T11:25:21.731Z] Server error: TypeError: Cannot read properties of undefined (reading '_id')
[2024-08-12T11:25:45.684Z] Server error: TypeError: Cannot read properties of null (reading '_id')
[2024-08-12T11:30:17.160Z] Server error: TypeError: Cannot read properties of null (reading '_id')
[2024-08-12T11:35:05.281Z] Server error: TypeError: Cannot read properties of null (reading '_id')
[2024-08-12T14:17:39.048Z] Fatal error: TypeError
[2024-08-12T14:18:47.274Z] Fatal error: TypeError
[2024-08-12T15:15:43.519Z] Server error: MissingDocuments: The user needs to complete his documentation
[2024-08-12T15:17:13.085Z] Server error: MissingDocuments: The user needs to complete his documentation
[2024-08-12T15:17:44.386Z] Server error: MissingDocuments: The user needs to complete his documentation
[2024-08-12T15:17:48.091Z] Server error: MissingDocuments: The user needs to complete his documentation
[2024-08-12T15:18:18.467Z] Server error: MissingDocuments: The user needs to complete his documentation
[2024-08-12T15:33:09.975Z] Server error: MissingDocuments: The user needs to complete his documentation
[2024-08-12T15:50:10.661Z] Server error: MissingDocuments: The user needs to complete his documentation
[2024-08-12T15:50:40.965Z] Server error: No se pudo cambiar el rol del usuario '66b9ee5723a0fa62f9400d9d'
[2024-08-12T15:52:33.199Z] Server error: No se pudo cambiar el rol del usuario '66b9ee5723a0fa62f9400d9d'
[2024-08-12T15:53:58.803Z] Server error: MissingDocuments: The user needs to complete his documentation
[2024-08-12T15:54:58.058Z] Server error: MissingDocuments: The user needs to complete his documentation
[2024-08-12T15:55:26.131Z] Server error: MissingDocuments: The user needs to complete his documentation
[2024-08-12T15:55:29.165Z] Server error: MissingDocuments: The user needs to complete his documentation
[2024-08-12T15:55:30.109Z] Server error: MissingDocuments: The user needs to complete his documentation
[2024-08-12T15:57:36.528Z] Server error: MissingDocuments: The user needs to complete his documentation
[2024-08-12T15:57:38.331Z] Server error: MissingDocuments: The user needs to complete his documentation
[2024-08-12T15:58:00.947Z] Server error: MissingDocuments: The user needs to complete his documentation
[2024-08-12T15:59:21.856Z] Server error: MissingDocuments: The user needs to complete his documentation
[2024-08-12T16:02:01.183Z] Server error: MissingDocuments: The user needs to complete his documentation
[2024-08-12T16:03:02.765Z] Server error: MissingDocuments: The user needs to complete his documentation
[2024-08-12T16:03:45.885Z] Server error: MissingDocuments: The user needs to complete his documentation
[2024-08-13T15:36:27.433Z] Server error: ReferenceError: payload is not defined
[2024-08-13T15:40:41.641Z] Server error: TypeError: Cannot read properties of undefined (reading '_id')
[2024-08-13T15:44:10.782Z] Server error: TypeError: Cannot read properties of undefined (reading 'email')
[2024-08-13T15:44:12.667Z] Server error: TypeError: Cannot read properties of undefined (reading 'email')
